Started GET "/" for 127.0.0.1 at 2026-03-11 09:31:12 +0200
  [1m[36mActiveRecord::SchemaMigration Load (12.7ms)[0m  [1m[34mSELECT "schema_migrations"."version" FROM "schema_migrations" ORDER BY "schema_migrations"."version" ASC /*application='StoreApp'*/[0m
Processing by HomeController#index as HTML
  Rendering layout layouts/application.html.erb
  Rendering home/index.html.erb within layouts/application
  Rendered home/index.html.erb within layouts/application (Duration: 2.0ms | GC: 0.0ms)
  Rendered layout layouts/application.html.erb (Duration: 1116.8ms | GC: 0.2ms)
Completed 200 OK in 4076ms (Views: 1388.9ms | ActiveRecord: 0.0ms (0 queries, 0 cached) | GC: 0.2ms)


Started GET "/api/products" for 127.0.0.1 at 2026-03-11 09:31:22 +0200
Processing by Api::ProductsController#index as JSON
  Parameters: {"product" => {}}
  [1m[36mProduct Load (7.3ms)[0m  [1m[34mSELECT "product".* FROM "product" ORDER BY "product"."product_id" ASC /*action='index',application='StoreApp',controller='products'*/[0m
  ↳ app/controllers/api/products_controller.rb:6:in 'Api::ProductsController#index'
Completed 200 OK in 546ms (Views: 9.9ms | ActiveRecord: 331.9ms (1 query, 0 cached) | GC: 0.0ms)


Started GET "/api/store_ins" for 127.0.0.1 at 2026-03-11 09:31:24 +0200
Started GET "/api/store_outs" for 127.0.0.1 at 2026-03-11 09:31:24 +0200
Processing by Api::StoreInsController#index as JSON
  Parameters: {"store_in" => {}}
Processing by Api::StoreOutsController#index as JSON
  Parameters: {"store_out" => {}}
  [1m[36mStoreOut Load (5.0ms)[0m  [1m[34mSELECT "store_out".* FROM "store_out" ORDER BY "store_out"."id" ASC /*action='index',application='StoreApp',controller='store_outs'*/[0m
  ↳ app/controllers/api/store_outs_controller.rb:6:in 'Api::StoreOutsController#index'
Completed 200 OK in 12ms (Views: 6.1ms | ActiveRecord: 14.1ms (1 query, 0 cached) | GC: 0.0ms)


  [1m[36mStoreIn Load (193.6ms)[0m  [1m[34mSELECT "store_in".* FROM "store_in" ORDER BY "store_in"."id" ASC /*action='index',application='StoreApp',controller='store_ins'*/[0m
  ↳ app/controllers/api/store_ins_controller.rb:6:in 'Api::StoreInsController#index'
Completed 200 OK in 238ms (Views: -7.5ms | ActiveRecord: 247.8ms (1 query, 0 cached) | GC: 0.0ms)


Started POST "/api/store_ins" for 127.0.0.1 at 2026-03-11 09:31:47 +0200
Processing by Api::StoreInsController#create as JSON
  Parameters: {"store_in" => {"product_id" => 2, "quantity" => 13, "date" => "2026-03-11"}}
  [1m[36mTRANSACTION (1.1ms)[0m  [1m[35mBEGIN /*action='create',application='StoreApp',controller='store_ins'*/[0m
  ↳ app/controllers/api/store_ins_controller.rb:16:in 'Api::StoreInsController#create'
  [1m[36mProduct Load (6.8ms)[0m  [1m[34mSELECT "product".* FROM "product" WHERE "product"."product_id" = 2 LIMIT 1 /*action='create',application='StoreApp',controller='store_ins'*/[0m
  ↳ app/controllers/api/store_ins_controller.rb:16:in 'Api::StoreInsController#create'
  [1m[36mStoreIn Create (11.2ms)[0m  [1m[32mINSERT INTO "store_in" ("product_id", "quantity", "date") VALUES (2, 13, '2026-03-11') RETURNING "id" /*action='create',application='StoreApp',controller='store_ins'*/[0m
  ↳ app/controllers/api/store_ins_controller.rb:16:in 'Api::StoreInsController#create'
  [1m[36mTRANSACTION (6.7ms)[0m  [1m[35mCOMMIT /*action='create',application='StoreApp',controller='store_ins'*/[0m
  ↳ app/controllers/api/store_ins_controller.rb:16:in 'Api::StoreInsController#create'
Completed 201 Created in 862ms (Views: 0.7ms | ActiveRecord: 38.5ms (2 queries, 0 cached) | GC: 0.0ms)


Started GET "/api/store_ins" for 127.0.0.1 at 2026-03-11 09:31:48 +0200
Processing by Api::StoreInsController#index as JSON
  Parameters: {"store_in" => {}}
  [1m[36mStoreIn Load (0.8ms)[0m  [1m[34mSELECT "store_in".* FROM "store_in" ORDER BY "store_in"."id" ASC /*action='index',application='StoreApp',controller='store_ins'*/[0m
  ↳ app/controllers/api/store_ins_controller.rb:6:in 'Api::StoreInsController#index'
Completed 200 OK in 8ms (Views: 6.5ms | ActiveRecord: 0.8ms (1 query, 0 cached) | GC: 0.0ms)


